<?xml version="1.0" encoding="UTF-8"?>
<!-- Generated by org.testng.reporters.JUnitReportReporter -->
<testsuite skipped="0" hostname="AJB-ASVGF-G231" name="com.FA.app.tests.test.ChargeBatchTest" tests="1" failures="0" timestamp="2019-11-07T19:13:51 IST" time="36.235" errors="0">
  <testcase name="ChargeBatchCreation" time="36.235" classname="com.FA.app.tests.test.ChargeBatchTest"/>
</testsuite> <!-- com.FA.app.tests.test.ChargeBatchTest -->
